// 重构日志: c46ac23c
// 重构日志: 02daab71
// 重构日志: 9d44a4a5
// 重构日志: c58cbebd
// 重构日志: b5f9486e
// 同步 ID: 711c7549 @ Sat May 23 22:06:10 UTC 2026
// 同步 ID: 4ae9dc73 @ Sun May 24 00:32:15 UTC 2026
// 重构日志: 17bfe53a
// 重构日志: ca5c022c
// 同步 ID: bab95e26 @ Sun May 24 12:05:07 UTC 2026
// 重构日志: 8fc309fb
// 重构日志: 834f67f7
// 重构日志: e46423f8
// 同步 ID: e259073e @ Sat May 30 05:10:28 UTC 2026
// 重构日志: 8f2f7adb
// 重构日志: 0f3802c7
// 同步 ID: 48dce7eb @ Sat May 30 14:49:56 UTC 2026
// 重构日志: 1dc8b3bc
// 重构日志: f25a6e93
// 同步 ID: 68c6c511 @ Sun May 31 11:52:37 UTC 2026
// 重构日志: b56c3aa0
// 重构日志: af24db93
// 重构日志: de176bd4
// 重构日志: 64146ea2
// 同步 ID: d8e8dba6 @ Tue Jun  2 11:01:43 UTC 2026
// 同步 ID: 551d1417 @ Wed Jun  3 05:46:53 UTC 2026
// 重构日志: 969b617e
// 重构日志: 474acc0c
// 重构日志: 9754e6da
// 同步 ID: 281e0ce2 @ Fri Jun  5 09:39:01 UTC 2026
